SF:/Users/cemal/Documents/code/marsroverproblem/marsrover.console/CardinalPointEnumConverter.cs
FN:14,marsrover.console.CardinalPoints marsrover.console.CardinalPointEnumConverter::ToEnum(System.String)
FNDA:11,marsrover.console.CardinalPoints marsrover.console.CardinalPointEnumConverter::ToEnum(System.String)
DA:15,11
DA:16,11
DA:17,11
FN:18,System.String marsrover.console.CardinalPointEnumConverter::ToString(marsrover.console.CardinalPoints)
FNDA:10,System.String marsrover.console.CardinalPointEnumConverter::ToString(marsrover.console.CardinalPoints)
DA:19,10
DA:20,10
DA:21,10
FN:6,System.Void marsrover.console.CardinalPointEnumConverter::.ctor()
FNDA:21,System.Void marsrover.console.CardinalPointEnumConverter::.ctor()
DA:7,21
DA:8,21
DA:9,21
DA:10,21
DA:11,21
DA:12,21
LF:12
LH:12
BRF:0
BRH:0
FNF:3
FNH:3
end_of_record
SF:/Users/cemal/Documents/code/marsroverproblem/marsrover.console/InputLengthValidator.cs
FN:20,System.Boolean marsrover.console.InputLengthValidator::Validate(System.String[])
FNDA:4,System.Boolean marsrover.console.InputLengthValidator::Validate(System.String[])
DA:21,4
DA:22,4
DA:23,2
DA:24,2
DA:26,2
DA:27,4
BRDA:22,5,0,3
BRDA:22,5,1,1
BRDA:22,20,0,2
BRDA:22,20,1,2
LF:6
LH:6
BRF:4
BRH:4
FNF:1
FNH:1
end_of_record
SF:/Users/cemal/Documents/code/marsroverproblem/marsrover.console/InputParser.cs
FN:7,System.Int32 marsrover.console.InputParser::get_PlateauHeight()
FNDA:5,System.Int32 marsrover.console.InputParser::get_PlateauHeight()
DA:8,5
FN:8,System.Int32 marsrover.console.InputParser::get_PlateauWidth()
FNDA:5,System.Int32 marsrover.console.InputParser::get_PlateauWidth()
DA:9,5
FN:9,System.Collections.Generic.List`1<marsrover.console.RoverInputModel> marsrover.console.InputParser::get_Rovers()
FNDA:15,System.Collections.Generic.List`1<marsrover.console.RoverInputModel> marsrover.console.InputParser::get_Rovers()
DA:10,15
FN:18,System.Void marsrover.console.InputParser::Parse()
FNDA:3,System.Void marsrover.console.InputParser::Parse()
DA:19,3
DA:20,3
DA:21,3
DA:22,3
FN:24,System.Void marsrover.console.InputParser::ParseRoverData()
FNDA:3,System.Void marsrover.console.InputParser::ParseRoverData()
DA:25,3
DA:26,18
DA:27,6
DA:28,6
DA:29,6
DA:30,6
DA:31,6
DA:32,6
DA:33,6
DA:34,6
DA:35,6
DA:36,6
DA:37,6
DA:38,6
DA:39,3
BRDA:26,109,1,6
BRDA:26,109,0,3
FN:41,System.Void marsrover.console.InputParser::ParsePlateauSize()
FNDA:3,System.Void marsrover.console.InputParser::ParsePlateauSize()
DA:42,3
DA:43,3
DA:44,3
DA:45,3
DA:46,3
DA:47,3
FN:12,System.Void marsrover.console.InputParser::.ctor(System.String[])
FNDA:3,System.Void marsrover.console.InputParser::.ctor(System.String[])
DA:13,3
DA:14,3
DA:15,3
DA:16,3
LF:32
LH:32
BRF:2
BRH:2
FNF:7
FNH:7
end_of_record
SF:/Users/cemal/Documents/code/marsroverproblem/marsrover.console/Plateau.cs
FN:4,System.Int32 marsrover.console.Plateau::get_Height()
FNDA:4,System.Int32 marsrover.console.Plateau::get_Height()
DA:5,4
FN:5,System.Int32 marsrover.console.Plateau::get_Width()
FNDA:4,System.Int32 marsrover.console.Plateau::get_Width()
DA:6,4
FN:7,System.Void marsrover.console.Plateau::.ctor(System.Int32,System.Int32)
FNDA:4,System.Void marsrover.console.Plateau::.ctor(System.Int32,System.Int32)
DA:8,4
DA:9,4
DA:10,4
DA:11,4
DA:12,4
LF:7
LH:7
BRF:0
BRH:0
FNF:3
FNH:3
end_of_record
SF:/Users/cemal/Documents/code/marsroverproblem/marsrover.console/Position.cs
FN:4,System.Int32 marsrover.console.Position::get_X()
FNDA:63,System.Int32 marsrover.console.Position::get_X()
DA:5,63
FN:5,System.Int32 marsrover.console.Position::get_Y()
FNDA:61,System.Int32 marsrover.console.Position::get_Y()
DA:6,61
FN:6,marsrover.console.CardinalPoints marsrover.console.Position::get_Heading()
FNDA:106,marsrover.console.CardinalPoints marsrover.console.Position::get_Heading()
DA:7,106
FN:9,System.String marsrover.console.Position::ToString()
FNDA:6,System.String marsrover.console.Position::ToString()
DA:10,6
DA:11,6
DA:12,6
DA:13,6
DA:14,6
LF:8
LH:8
BRF:0
BRH:0
FNF:4
FNH:4
end_of_record
SF:/Users/cemal/Documents/code/marsroverproblem/marsrover.console/Program.cs
FN:8,System.Void marsrover.console.Program::Main(System.String[])
FNDA:0,System.Void marsrover.console.Program::Main(System.String[])
DA:9,0
DA:10,0
DA:12,0
DA:14,0
DA:15,0
DA:17,0
DA:18,0
DA:19,0
DA:20,0
DA:21,0
BRDA:17,80,1,0
BRDA:17,80,0,0
FN:23,System.Void marsrover.console.Program::ValidateInputLength(System.String[])
FNDA:0,System.Void marsrover.console.Program::ValidateInputLength(System.String[])
DA:24,0
DA:25,0
DA:26,0
DA:27,0
DA:28,0
DA:29,0
DA:31,0
BRDA:27,21,0,0
BRDA:27,21,1,0
LF:17
LH:0
BRF:4
BRH:0
FNF:2
FNH:0
end_of_record
SF:/Users/cemal/Documents/code/marsroverproblem/marsrover.console/Rover.cs
FN:4,marsrover.console.Position marsrover.console.Rover::get_Position()
FNDA:119,marsrover.console.Position marsrover.console.Rover::get_Position()
DA:5,119
LF:1
LH:1
BRF:0
BRH:0
FNF:1
FNH:1
end_of_record
SF:/Users/cemal/Documents/code/marsroverproblem/marsrover.console/RoverControlAdapter.cs
FN:4,marsrover.console.RoverController marsrover.console.RoverControlAdapter::get_Controller()
FNDA:6,marsrover.console.RoverController marsrover.console.RoverControlAdapter::get_Controller()
DA:5,6
FN:6,System.Void marsrover.console.RoverControlAdapter::ProcessInput(System.String[])
FNDA:1,System.Void marsrover.console.RoverControlAdapter::ProcessInput(System.String[])
DA:7,1
DA:8,1
DA:9,1
DA:11,1
DA:12,1
DA:14,7
DA:15,2
DA:16,2
DA:17,2
DA:18,2
DA:19,1
BRDA:14,117,1,2
BRDA:14,117,0,1
LF:12
LH:12
BRF:2
BRH:2
FNF:2
FNH:2
end_of_record
SF:/Users/cemal/Documents/code/marsroverproblem/marsrover.console/RoverController.cs
FN:7,System.Collections.Generic.List`1<marsrover.console.Rover> marsrover.console.RoverController::get_Rovers()
FNDA:12,System.Collections.Generic.List`1<marsrover.console.Rover> marsrover.console.RoverController::get_Rovers()
DA:8,12
FN:8,marsrover.console.Plateau marsrover.console.RoverController::get_Plateau()
FNDA:4,marsrover.console.Plateau marsrover.console.RoverController::get_Plateau()
DA:9,4
FN:15,marsrover.console.Rover marsrover.console.RoverController::DeployRover(marsrover.console.Position)
FNDA:5,marsrover.console.Rover marsrover.console.RoverController::DeployRover(marsrover.console.Position)
DA:16,5
DA:17,5
DA:18,5
DA:19,5
DA:20,5
DA:21,5
DA:22,5
DA:23,5
FN:25,System.Void marsrover.console.RoverController::RunRoverCommans(marsrover.console.Rover,System.Collections.Generic.List`1<marsrover.console.Commands.IRoverActionCommand>)
FNDA:3,System.Void marsrover.console.RoverController::RunRoverCommans(marsrover.console.Rover,System.Collections.Generic.List`1<marsrover.console.Commands.IRoverActionCommand>)
DA:26,3
DA:27,51
DA:28,21
DA:29,21
DA:30,21
DA:31,3
BRDA:27,37,1,21
BRDA:27,37,0,3
FN:33,System.Void marsrover.console.RoverController::RunRoverCommand(marsrover.console.Rover,marsrover.console.Commands.IRoverActionCommand)
FNDA:21,System.Void marsrover.console.RoverController::RunRoverCommand(marsrover.console.Rover,marsrover.console.Commands.IRoverActionCommand)
DA:34,21
DA:35,21
DA:36,21
FN:9,System.Void marsrover.console.RoverController::.ctor(marsrover.console.Plateau)
FNDA:4,System.Void marsrover.console.RoverController::.ctor(marsrover.console.Plateau)
DA:10,4
DA:11,4
DA:12,4
DA:13,4
LF:23
LH:23
BRF:2
BRH:2
FNF:6
FNH:6
end_of_record
SF:/Users/cemal/Documents/code/marsroverproblem/marsrover.console/RoverInputModel.cs
FN:7,marsrover.console.Position marsrover.console.RoverInputModel::get_DeployPosition()
FNDA:10,marsrover.console.Position marsrover.console.RoverInputModel::get_DeployPosition()
DA:8,10
FN:8,System.Collections.Generic.List`1<marsrover.console.Commands.IRoverActionCommand> marsrover.console.RoverInputModel::get_Commands()
FNDA:10,System.Collections.Generic.List`1<marsrover.console.Commands.IRoverActionCommand> marsrover.console.RoverInputModel::get_Commands()
DA:9,10
LF:2
LH:2
BRF:0
BRH:0
FNF:2
FNH:2
end_of_record
SF:/Users/cemal/Documents/code/marsroverproblem/marsrover.console/RoverPositionParser.cs
FN:6,System.String marsrover.console.RoverPositionParser::get_RoverPosition()
FNDA:14,System.String marsrover.console.RoverPositionParser::get_RoverPosition()
DA:7,14
FN:14,marsrover.console.Position marsrover.console.RoverPositionParser::GetPosition()
FNDA:7,marsrover.console.Position marsrover.console.RoverPositionParser::GetPosition()
DA:15,7
DA:16,7
DA:17,7
DA:18,7
DA:19,7
DA:20,7
DA:21,7
DA:22,7
DA:23,7
DA:24,7
DA:25,7
DA:26,7
DA:27,7
FN:29,marsrover.console.CardinalPoints marsrover.console.RoverPositionParser::ParseCardinalPoint(System.String)
FNDA:7,marsrover.console.CardinalPoints marsrover.console.RoverPositionParser::ParseCardinalPoint(System.String)
DA:30,7
DA:31,7
DA:32,7
DA:33,7
FN:8,System.Void marsrover.console.RoverPositionParser::.ctor(System.String)
FNDA:7,System.Void marsrover.console.RoverPositionParser::.ctor(System.String)
DA:9,7
DA:10,7
DA:11,7
DA:12,7
LF:22
LH:22
BRF:0
BRH:0
FNF:4
FNH:4
end_of_record
SF:/Users/cemal/Documents/code/marsroverproblem/marsrover.console/Commands/RoverCommandParser.cs
FN:7,System.String marsrover.console.Commands.RoverCommandParser::get_Commands()
FNDA:20,System.String marsrover.console.Commands.RoverCommandParser::get_Commands()
DA:8,20
FN:16,System.Collections.Generic.List`1<marsrover.console.Commands.IRoverActionCommand> marsrover.console.Commands.RoverCommandParser::GetCommands()
FNDA:10,System.Collections.Generic.List`1<marsrover.console.Commands.IRoverActionCommand> marsrover.console.Commands.RoverCommandParser::GetCommands()
DA:17,10
DA:18,10
DA:19,156
DA:20,63
DA:21,63
DA:24,14
DA:25,14
DA:27,14
DA:28,14
DA:30,35
DA:31,35
DA:33,63
DA:34,10
DA:35,10
BRDA:19,109,1,63
BRDA:21,35,0,49
BRDA:21,43,0,14
BRDA:21,35,1,14
BRDA:21,51,1,14
BRDA:21,43,1,35
BRDA:21,51,0,63
BRDA:19,109,0,10
FN:8,System.Void marsrover.console.Commands.RoverCommandParser::.ctor()
FNDA:9,System.Void marsrover.console.Commands.RoverCommandParser::.ctor()
DA:9,9
FN:10,System.Void marsrover.console.Commands.RoverCommandParser::.ctor(System.String)
FNDA:7,System.Void marsrover.console.Commands.RoverCommandParser::.ctor(System.String)
DA:11,7
DA:12,7
DA:13,7
DA:14,7
LF:20
LH:20
BRF:8
BRH:8
FNF:4
FNH:4
end_of_record
SF:/Users/cemal/Documents/code/marsroverproblem/marsrover.console/Commands/RoverMoveForwardCommand.cs
FN:11,System.Void marsrover.console.Commands.RoverMoveForwardCommand::Run(marsrover.console.Rover)
FNDA:15,System.Void marsrover.console.Commands.RoverMoveForwardCommand::Run(marsrover.console.Rover)
DA:12,15
DA:13,15
DA:14,15
DA:15,15
DA:16,15
FN:6,System.Void marsrover.console.Commands.RoverMoveForwardCommand::.ctor()
FNDA:39,System.Void marsrover.console.Commands.RoverMoveForwardCommand::.ctor()
DA:7,39
DA:8,39
DA:9,39
FN:19,System.Int32 marsrover.console.Commands.RoverMoveForwardCommand/Coordinate::get_X()
FNDA:171,System.Int32 marsrover.console.Commands.RoverMoveForwardCommand/Coordinate::get_X()
DA:20,171
FN:20,System.Int32 marsrover.console.Commands.RoverMoveForwardCommand/Coordinate::get_Y()
FNDA:171,System.Int32 marsrover.console.Commands.RoverMoveForwardCommand/Coordinate::get_Y()
DA:21,171
FN:21,System.Void marsrover.console.Commands.RoverMoveForwardCommand/Coordinate::.ctor(System.Int32,System.Int32)
FNDA:156,System.Void marsrover.console.Commands.RoverMoveForwardCommand/Coordinate::.ctor(System.Int32,System.Int32)
DA:22,156
DA:23,156
DA:24,156
DA:25,156
DA:26,156
LF:15
LH:15
BRF:0
BRH:0
FNF:5
FNH:5
end_of_record
SF:/Users/cemal/Documents/code/marsroverproblem/marsrover.console/Commands/RoverTurnLeftCommand.cs
FN:5,System.Void marsrover.console.Commands.RoverTurnLeftCommand::Run(marsrover.console.Rover)
FNDA:8,System.Void marsrover.console.Commands.RoverTurnLeftCommand::Run(marsrover.console.Rover)
DA:6,8
DA:7,8
DA:8,2
DA:9,2
DA:10,2
DA:12,6
DA:13,6
DA:14,6
DA:15,8
BRDA:7,19,0,2
BRDA:7,19,1,6
LF:9
LH:9
BRF:2
BRH:2
FNF:1
FNH:1
end_of_record
SF:/Users/cemal/Documents/code/marsroverproblem/marsrover.console/Commands/RoverTurnRightCommand.cs
FN:5,System.Void marsrover.console.Commands.RoverTurnRightCommand::Run(marsrover.console.Rover)
FNDA:8,System.Void marsrover.console.Commands.RoverTurnRightCommand::Run(marsrover.console.Rover)
DA:6,8
DA:7,8
DA:8,2
DA:9,2
DA:10,2
DA:12,6
DA:13,6
DA:14,6
DA:15,8
BRDA:7,19,0,2
BRDA:7,19,1,6
LF:9
LH:9
BRF:2
BRH:2
FNF:1
FNH:1
end_of_record